#
# There is insufficient memory for the Java Runtime Environment to continue.
# Native memory allocation (malloc) failed to allocate 233056 bytes for Chunk::new
# Possible reasons:
#   The system is out of physical RAM or swap space
#   The process is running with CompressedOops enabled, and the Java Heap may be blocking the growth of the native heap
# Possible solutions:
#   Reduce memory load on the system
#   Increase physical memory or swap space
#   Check if swap backing store is full
#   Decrease Java heap size (-Xmx/-Xms)
#   Decrease number of Java threads
#   Decrease Java thread stack sizes (-Xss)
#   Set larger code cache with -XX:ReservedCodeCacheSize=
#   JVM is running with Unscaled Compressed Oops mode in which the Java heap is
#     placed in the first 4GB address space. The Java Heap base address is the
#     maximum limit for the native heap growth. Please use -XX:HeapBaseMinAddress
#     to set the Java Heap base and to place the Java Heap above 4GB virtual address.
# This output file may be truncated or incomplete.
#
#  Out of Memory Error (arena.cpp:184), pid=30460, tid=19196
#
# JRE version: Java(TM) SE Runtime Environment (18.0.1.1+2) (build 18.0.1.1+2-6)
# Java VM: Java HotSpot(TM) 64-Bit Server VM (18.0.1.1+2-6, mixed mode, sharing, tiered, compressed oops, compressed class ptrs, g1 gc, windows-amd64)
# No core dump will be written. Minidumps are not enabled by default on client versions of Windows
#

---------------  S U M M A R Y ------------

Command Line: -javaagent:C:\Program Files\JetBrains\IntelliJ IDEA Community Edition 2022.2.3\lib\idea_rt.jar=63507:C:\Program Files\JetBrains\IntelliJ IDEA Community Edition 2022.2.3\bin -Dfile.encoding=UTF-8 -Dsun.stdout.encoding=UTF-8 -Dsun.stderr.encoding=UTF-8 br.com.rest.RestApplication

Host: 11th Gen Intel(R) Core(TM) i5-1135G7 @ 2.40GHz, 8 cores, 7G,  Windows 11 , 64 bit Build 22621 (10.0.22621.3374)
Time: Fri May  3 16:19:02 2024 E. South America Standard Time elapsed time: 1059.781578 seconds (0d 0h 17m 39s)

---------------  T H R E A D  ---------------

Current thread (0x0000019becc3a040):  JavaThread "C2 CompilerThread0" daemon [_thread_in_native, id=19196, stack(0x0000006522c00000,0x0000006522d00000)]


Current CompileTask:
C2:1059782 7338       4       java.net.URLStreamHandler::parseURL (1124 bytes)

Stack: [0x0000006522c00000,0x0000006522d00000]
Native frames: (J=compiled Java code, j=interpreted, Vv=VM code, C=native code)
V  [jvm.dll+0x69887a]
V  [jvm.dll+0x7f38bd]
V  [jvm.dll+0x7f51ce]
V  [jvm.dll+0x7f5883]
V  [jvm.dll+0x25ca3f]
V  [jvm.dll+0xb8c2f]
V  [jvm.dll+0xb8fa5]
V  [jvm.dll+0x2c794f]
V  [jvm.dll+0x5a05b0]
V  [jvm.dll+0x237f1e]
V  [jvm.dll+0x231672]
V  [jvm.dll+0x22eeeb]
V  [jvm.dll+0x1b9cfc]
V  [jvm.dll+0x23e8ca]
V  [jvm.dll+0x23cbb5]
V  [jvm.dll+0x7a5fb1]
V  [jvm.dll+0x7a03ea]
V  [jvm.dll+0x697725]
C  [ucrtbase.dll+0x29333]
C  [KERNEL32.DLL+0x1257d]
C  [ntdll.dll+0x5aa48]


---------------  P R O C E S S  ---------------

Threads class SMR info:
_java_thread_list=0x0000019bf4766b40, length=30, elements={
0x0000019becc18840, 0x0000019becc19980, 0x0000019becc329b0, 0x0000019becc33260,
0x0000019becc35c10, 0x0000019becc365b0, 0x0000019becc3a040, 0x0000019becc3bc30,
0x0000019becc4cdc0, 0x0000019bf10b3910, 0x0000019bf13fcc50, 0x0000019bf142a4e0,
0x0000019bf2fc9a40, 0x0000019bf2ca43b0, 0x0000019bf38e7e90, 0x0000019bf38e5ce0,
0x0000019bf38e6b50, 0x0000019bf38e8830, 0x0000019bf38e8d00, 0x0000019bf38e5810,
0x0000019bf38e91d0, 0x0000019bf38e6680, 0x0000019bf38e74f0, 0x0000019bf38e79c0,
0x0000019bf3bbba80, 0x0000019bf3bbb5b0, 0x0000019bf3bbdc30, 0x0000019bf3bbf440,
0x0000019bf3bbef70, 0x0000019bf3bbbf50
}

Java Threads: ( => current thread )
  0x0000019becc18840 JavaThread "Reference Handler" daemon [_thread_blocked, id=6016, stack(0x0000006522600000,0x0000006522700000)]
  0x0000019becc19980 JavaThread "Finalizer" daemon [_thread_blocked, id=25372, stack(0x0000006522700000,0x0000006522800000)]
  0x0000019becc329b0 JavaThread "Signal Dispatcher" daemon [_thread_blocked, id=17964, stack(0x0000006522800000,0x0000006522900000)]
  0x0000019becc33260 JavaThread "Attach Listener" daemon [_thread_blocked, id=26688, stack(0x0000006522900000,0x0000006522a00000)]
  0x0000019becc35c10 JavaThread "Service Thread" daemon [_thread_blocked, id=15256, stack(0x0000006522a00000,0x0000006522b00000)]
  0x0000019becc365b0 JavaThread "Monitor Deflation Thread" daemon [_thread_blocked, id=25088, stack(0x0000006522b00000,0x0000006522c00000)]
=>0x0000019becc3a040 JavaThread "C2 CompilerThread0" daemon [_thread_in_native, id=19196, stack(0x0000006522c00000,0x0000006522d00000)]
  0x0000019becc3bc30 JavaThread "C1 CompilerThread0" daemon [_thread_blocked, id=13216, stack(0x0000006522d00000,0x0000006522e00000)]
  0x0000019becc4cdc0 JavaThread "Sweeper thread" daemon [_thread_blocked, id=2816, stack(0x0000006522e00000,0x0000006522f00000)]
  0x0000019bf10b3910 JavaThread "Common-Cleaner" daemon [_thread_blocked, id=24388, stack(0x0000006522f00000,0x0000006523000000)]
  0x0000019bf13fcc50 JavaThread "Monitor Ctrl-Break" daemon [_thread_in_native, id=29584, stack(0x0000006523000000,0x0000006523100000)]
  0x0000019bf142a4e0 JavaThread "Notification Thread" daemon [_thread_blocked, id=21848, stack(0x0000006523100000,0x0000006523200000)]
  0x0000019bf2fc9a40 JavaThread "Catalina-utility-1" [_thread_blocked, id=22832, stack(0x0000006523c00000,0x0000006523d00000)]
  0x0000019bf2ca43b0 JavaThread "Catalina-utility-2" [_thread_blocked, id=6904, stack(0x0000006523d00000,0x0000006523e00000)]
  0x0000019bf38e7e90 JavaThread "container-0" [_thread_blocked, id=8744, stack(0x0000006523e00000,0x0000006523f00000)]
  0x0000019bf38e5ce0 JavaThread "mysql-cj-abandoned-connection-cleanup" daemon [_thread_blocked, id=23464, stack(0x0000006523f00000,0x0000006524000000)]
  0x0000019bf38e6b50 JavaThread "HikariPool-1 housekeeper" daemon [_thread_blocked, id=16124, stack(0x0000006524100000,0x0000006524200000)]
  0x0000019bf38e8830 JavaThread "http-nio-8080-exec-1" daemon [_thread_blocked, id=29956, stack(0x0000006523b00000,0x0000006523c00000)]
  0x0000019bf38e8d00 JavaThread "http-nio-8080-exec-2" daemon [_thread_blocked, id=15804, stack(0x0000006524200000,0x0000006524300000)]
  0x0000019bf38e5810 JavaThread "http-nio-8080-exec-3" daemon [_thread_blocked, id=29824, stack(0x0000006524300000,0x0000006524400000)]
  0x0000019bf38e91d0 JavaThread "http-nio-8080-exec-4" daemon [_thread_blocked, id=10744, stack(0x0000006524400000,0x0000006524500000)]
  0x0000019bf38e6680 JavaThread "http-nio-8080-exec-5" daemon [_thread_blocked, id=3004, stack(0x0000006524500000,0x0000006524600000)]
  0x0000019bf38e74f0 JavaThread "http-nio-8080-exec-6" daemon [_thread_blocked, id=24780, stack(0x0000006524600000,0x0000006524700000)]
  0x0000019bf38e79c0 JavaThread "http-nio-8080-exec-7" daemon [_thread_blocked, id=27996, stack(0x0000006524700000,0x0000006524800000)]
  0x0000019bf3bbba80 JavaThread "http-nio-8080-exec-8" daemon [_thread_blocked, id=28964, stack(0x0000006524800000,0x0000006524900000)]
  0x0000019bf3bbb5b0 JavaThread "http-nio-8080-exec-9" daemon [_thread_blocked, id=15992, stack(0x0000006524900000,0x0000006524a00000)]
  0x0000019bf3bbdc30 JavaThread "http-nio-8080-exec-10" daemon [_thread_blocked, id=13632, stack(0x0000006524a00000,0x0000006524b00000)]
  0x0000019bf3bbf440 JavaThread "http-nio-8080-Poller" daemon [_thread_in_native, id=11712, stack(0x0000006524b00000,0x0000006524c00000)]
  0x0000019bf3bbef70 JavaThread "http-nio-8080-Acceptor" daemon [_thread_in_native, id=20768, stack(0x0000006524c00000,0x0000006524d00000)]
  0x0000019bf3bbbf50 JavaThread "DestroyJavaVM" [_thread_blocked, id=25492, stack(0x0000006521f00000,0x0000006522000000)]

Other Threads:
  0x0000019becc15840 VMThread "VM Thread" [stack: 0x0000006522500000,0x0000006522600000] [id=14132]
  0x0000019bf1513510 WatcherThread "VM Periodic Task Thread" [stack: 0x0000006523200000,0x0000006523300000] [id=28212]
  0x0000019bccd9a550 WorkerThread "GC Thread#0" [stack: 0x0000006522000000,0x0000006522100000] [id=30532]
  0x0000019bf1cd4050 WorkerThread "GC Thread#1" [stack: 0x0000006523300000,0x0000006523400000] [id=30416]
  0x0000019bf1df8ef0 WorkerThread "GC Thread#2" [stack: 0x0000006523400000,0x0000006523500000] [id=15388]
  0x0000019bf1df9190 WorkerThread "GC Thread#3" [stack: 0x0000006523500000,0x0000006523600000] [id=30120]
  0x0000019bf1df9a40 WorkerThread "GC Thread#4" [stack: 0x0000006523600000,0x0000006523700000] [id=29840]
  0x0000019bf1dfa0f0 WorkerThread "GC Thread#5" [stack: 0x0000006523700000,0x0000006523800000] [id=18372]
  0x0000019bf2075650 WorkerThread "GC Thread#6" [stack: 0x0000006523900000,0x0000006523a00000] [id=26248]
  0x0000019bf21d2050 WorkerThread "GC Thread#7" [stack: 0x0000006523a00000,0x0000006523b00000] [id=19636]
  0x0000019bccdaab40 ConcurrentGCThread "G1 Main Marker" [stack: 0x0000006522100000,0x0000006522200000] [id=24888]
  0x0000019bccdacce0 WorkerThread "G1 Conc#0" [stack: 0x0000006522200000,0x0000006522300000] [id=29224]
  0x0000019bf2772aa0 WorkerThread "G1 Conc#1" [stack: 0x0000006523800000,0x0000006523900000] [id=10516]
  0x0000019bccddebc0 ConcurrentGCThread "G1 Refine#0" [stack: 0x0000006522300000,0x0000006522400000] [id=22016]
  0x0000019becace6b0 ConcurrentGCThread "G1 Service" [stack: 0x0000006522400000,0x0000006522500000] [id=752]

Threads with active compile tasks:
C2 CompilerThread0  1059893 7338       4       java.net.URLStreamHandler::parseURL (1124 bytes)

VM state: not at safepoint (normal execution)

VM Mutex/Monitor currently owned by a thread: None

Heap address: 0x0000000084a00000, size: 1974 MB, Compressed Oops mode: 32-bit

CDS archive(s) mapped at: [0x0000000800000000-0x0000000800ba0000-0x0000000800ba0000), size 12189696, SharedBaseAddress: 0x0000000800000000, ArchiveRelocationMode: 0.
Compressed class space mapped at: 0x0000000800c00000-0x0000000840c00000, reserved size: 1073741824
Narrow klass base: 0x0000000800000000, Narrow klass shift: 0, Narrow klass range: 0x100000000

GC Precious Log:
 CardTable entry size: 512
 Card Set container configuration: InlinePtr #cards 5 size 8 Array Of Cards #cards 12 size 40 Howl #buckets 4 coarsen threshold 1843 Howl Bitmap #cards 512 size 80 coarsen threshold 460 Card regions per heap region 1 cards per card region 2048
 CPUs: 8 total, 8 available
 Memory: 7890M
 Large Page Support: Disabled
 NUMA Support: Disabled
 Compressed Oops: Enabled (32-bit)
 Heap Region Size: 1M
 Heap Min Capacity: 8M
 Heap Initial Capacity: 124M
 Heap Max Capacity: 1974M
 Pre-touch: Disabled
 Parallel Workers: 8
 Concurrent Workers: 2
 Concurrent Refinement Workers: 8
 Periodic GC: Disabled

Heap:
 garbage-first heap   total 65536K, used 44086K [0x0000000084a00000, 0x0000000100000000)
  region size 1024K, 11 young (11264K), 2 survivors (2048K)
 Metaspace       used 81330K, committed 82048K, reserved 1179648K
  class space    used 10945K, committed 11328K, reserved 1048576K

Heap Regions: E=young(eden), S=young(survivor), O=old, HS=humongous(starts), HC=humongous(continues), CS=collection set, F=free, OA=open archive, CA=closed archive, TAMS=top-at-mark-start (previous, next)
|   0|0x0000000084a00000, 0x0000000084b00000, 0x0000000084b00000|100%|HS|  |TAMS 0x0000000084b00000, 0x0000000084a00000| Complete 
|   1|0x0000000084b00000, 0x0000000084c00000, 0x0000000084c00000|100%| O|  |TAMS 0x0000000084c00000, 0x0000000084b00000| Untracked 
|   2|0x0000000084c00000, 0x0000000084d00000, 0x0000000084d00000|100%| O|  |TAMS 0x0000000084d00000, 0x0000000084c00000| Untracked 
|   3|0x0000000084d00000, 0x0000000084e00000, 0x0000000084e00000|100%| O|  |TAMS 0x0000000084e00000, 0x0000000084d00000| Untracked 
|   4|0x0000000084e00000, 0x0000000084f00000, 0x0000000084f00000|100%| O|  |TAMS 0x0000000084f00000, 0x0000000084e00000| Untracked 
|   5|0x0000000084f00000, 0x0000000085000000, 0x0000000085000000|100%| O|  |TAMS 0x0000000085000000, 0x0000000084f00000| Untracked 
|   6|0x0000000085000000, 0x0000000085100000, 0x0000000085100000|100%| O|  |TAMS 0x0000000085100000, 0x0000000085000000| Untracked 
|   7|0x0000000085100000, 0x0000000085200000, 0x0000000085200000|100%| O|  |TAMS 0x0000000085200000, 0x0000000085100000| Untracked 
|   8|0x0000000085200000, 0x0000000085300000, 0x0000000085300000|100%| O|  |TAMS 0x0000000085300000, 0x0000000085200000| Untracked 
|   9|0x0000000085300000, 0x0000000085400000, 0x0000000085400000|100%| O|  |TAMS 0x0000000085400000, 0x0000000085300000| Untracked 
|  10|0x0000000085400000, 0x0000000085500000, 0x0000000085500000|100%| O|  |TAMS 0x0000000085500000, 0x0000000085400000| Untracked 
|  11|0x0000000085500000, 0x0000000085600000, 0x0000000085600000|100%| O|  |TAMS 0x0000000085600000, 0x0000000085500000| Untracked 
|  12|0x0000000085600000, 0x0000000085700000, 0x0000000085700000|100%| O|  |TAMS 0x0000000085700000, 0x0000000085600000| Untracked 
|  13|0x0000000085700000, 0x0000000085800000, 0x0000000085800000|100%| O|  |TAMS 0x0000000085800000, 0x0000000085700000| Untracked 
|  14|0x0000000085800000, 0x0000000085900000, 0x0000000085900000|100%| O|  |TAMS 0x0000000085900000, 0x0000000085800000| Untracked 
|  15|0x0000000085900000, 0x0000000085a00000, 0x0000000085a00000|100%| O|  |TAMS 0x0000000085a00000, 0x0000000085900000| Untracked 
|  16|0x0000000085a00000, 0x0000000085b00000, 0x0000000085b00000|100%| O|  |TAMS 0x0000000085b00000, 0x0000000085a00000| Untracked 
|  17|0x0000000085b00000, 0x0000000085c00000, 0x0000000085c00000|100%| O|  |TAMS 0x0000000085c00000, 0x0000000085b00000| Untracked 
|  18|0x0000000085c00000, 0x0000000085d00000, 0x0000000085d00000|100%| O|  |TAMS 0x0000000085d00000, 0x0000000085c00000| Untracked 
|  19|0x0000000085d00000, 0x0000000085e00000, 0x0000000085e00000|100%| O|  |TAMS 0x0000000085e00000, 0x0000000085d00000| Untracked 
|  20|0x0000000085e00000, 0x0000000085f00000, 0x0000000085f00000|100%| O|  |TAMS 0x0000000085f00000, 0x0000000085e00000| Untracked 
|  21|0x0000000085f00000, 0x0000000086000000, 0x0000000086000000|100%| O|  |TAMS 0x0000000086000000, 0x0000000085f00000| Untracked 
|  22|0x0000000086000000, 0x0000000086100000, 0x0000000086100000|100%| O|  |TAMS 0x0000000086100000, 0x0000000086000000| Untracked 
|  23|0x0000000086100000, 0x0000000086200000, 0x0000000086200000|100%| O|  |TAMS 0x0000000086200000, 0x0000000086100000| Untracked 
|  24|0x0000000086200000, 0x0000000086300000, 0x0000000086300000|100%| O|  |TAMS 0x0000000086300000, 0x0000000086200000| Untracked 
|  25|0x0000000086300000, 0x0000000086400000, 0x0000000086400000|100%| O|  |TAMS 0x0000000086400000, 0x0000000086300000| Untracked 
|  26|0x0000000086400000, 0x0000000086500000, 0x0000000086500000|100%| O|  |TAMS 0x0000000086500000, 0x0000000086400000| Untracked 
|  27|0x0000000086500000, 0x0000000086600000, 0x0000000086600000|100%| O|  |TAMS 0x0000000086600000, 0x0000000086500000| Untracked 
|  28|0x0000000086600000, 0x0000000086700000, 0x0000000086700000|100%| O|  |TAMS 0x0000000086700000, 0x0000000086600000| Untracked 
|  29|0x0000000086700000, 0x0000000086800000, 0x0000000086800000|100%| O|  |TAMS 0x0000000086800000, 0x0000000086700000| Untracked 
|  30|0x0000000086800000, 0x0000000086900000, 0x0000000086900000|100%| O|  |TAMS 0x0000000086900000, 0x0000000086800000| Untracked 
|  31|0x0000000086900000, 0x0000000086a00000, 0x0000000086a00000|100%| O|  |TAMS 0x0000000086a00000, 0x0000000086900000| Untracked 
|  32|0x0000000086a00000, 0x0000000086b00000, 0x0000000086b00000|100%| O|  |TAMS 0x0000000086a73e00, 0x0000000086a00000| Untracked 
|  33|0x0000000086b00000, 0x0000000086c00000, 0x0000000086c00000|100%| O|  |TAMS 0x0000000086b00000, 0x0000000086b00000| Untracked 
|  34|0x0000000086c00000, 0x0000000086cd6000, 0x0000000086d00000| 83%| O|  |TAMS 0x0000000086c00000, 0x0000000086c00000| Untracked 
|  35|0x0000000086d00000, 0x0000000086d00000, 0x0000000086e00000|  0%| F|  |TAMS 0x0000000086d00000, 0x0000000086d00000| Untracked 
|  36|0x0000000086e00000, 0x0000000086e00000, 0x0000000086f00000|  0%| F|  |TAMS 0x0000000086e00000, 0x0000000086e00000| Untracked 
|  37|0x0000000086f00000, 0x0000000086f00000, 0x0000000087000000|  0%| F|  |TAMS 0x0000000086f00000, 0x0000000086f00000| Untracked 
|  38|0x0000000087000000, 0x0000000087000000, 0x0000000087100000|  0%| F|  |TAMS 0x0000000087000000, 0x0000000087000000| Untracked 
|  39|0x0000000087100000, 0x0000000087100000, 0x0000000087200000|  0%| F|  |TAMS 0x0000000087100000, 0x0000000087100000| Untracked 
|  40|0x0000000087200000, 0x0000000087200000, 0x0000000087300000|  0%| F|  |TAMS 0x0000000087200000, 0x0000000087200000| Untracked 
|  41|0x0000000087300000, 0x0000000087300000, 0x0000000087400000|  0%| F|  |TAMS 0x0000000087300000, 0x0000000087300000| Untracked 
|  42|0x0000000087400000, 0x0000000087400000, 0x0000000087500000|  0%| F|  |TAMS 0x0000000087400000, 0x0000000087400000| Untracked 
|  43|0x0000000087500000, 0x0000000087500000, 0x0000000087600000|  0%| F|  |TAMS 0x0000000087500000, 0x0000000087500000| Untracked 
|  44|0x0000000087600000, 0x0000000087600000, 0x0000000087700000|  0%| F|  |TAMS 0x0000000087600000, 0x0000000087600000| Untracked 
|  45|0x0000000087700000, 0x0000000087700000, 0x0000000087800000|  0%| F|  |TAMS 0x0000000087700000, 0x0000000087700000| Untracked 
|  46|0x0000000087800000, 0x0000000087800000, 0x0000000087900000|  0%| F|  |TAMS 0x0000000087800000, 0x0000000087800000| Untracked 
|  47|0x0000000087900000, 0x0000000087900000, 0x0000000087a00000|  0%| F|  |TAMS 0x0000000087900000, 0x0000000087900000| Untracked 
|  48|0x0000000087a00000, 0x0000000087a00000, 0x0000000087b00000|  0%| F|  |TAMS 0x0000000087a00000, 0x0000000087a00000| Untracked 
|  49|0x0000000087b00000, 0x0000000087b37b00, 0x0000000087c00000| 21%| S|CS|TAMS 0x0000000087b00000, 0x0000000087b00000| Complete 
|  50|0x0000000087c00000, 0x0000000087d00000, 0x0000000087d00000|100%| S|CS|TAMS 0x0000000087c00000, 0x0000000087c00000| Complete 
|  51|0x0000000087d00000, 0x0000000087d00000, 0x0000000087e00000|  0%| F|  |TAMS 0x0000000087d00000, 0x0000000087d00000| Untracked 
|  52|0x0000000087e00000, 0x0000000087e00000, 0x0000000087f00000|  0%| F|  |TAMS 0x0000000087e00000, 0x0000000087e00000| Untracked 
|  53|0x0000000087f00000, 0x0000000087f00000, 0x0000000088000000|  0%| F|  |TAMS 0x0000000087f00000, 0x0000000087f00000| Untracked 
|  54|0x0000000088000000, 0x0000000088000000, 0x0000000088100000|  0%| F|  |TAMS 0x0000000088000000, 0x0000000088000000| Untracked 
|  55|0x0000000088100000, 0x00000000881d2060, 0x0000000088200000| 82%| E|  |TAMS 0x0000000088100000, 0x0000000088100000| Complete 
|  58|0x0000000088400000, 0x0000000088500000, 0x0000000088500000|100%| E|CS|TAMS 0x0000000088400000, 0x0000000088400000| Complete 
|  59|0x0000000088500000, 0x0000000088600000, 0x0000000088600000|100%| E|CS|TAMS 0x0000000088500000, 0x0000000088500000| Complete 
|  60|0x0000000088600000, 0x0000000088700000, 0x0000000088700000|100%| E|CS|TAMS 0x0000000088600000, 0x0000000088600000| Complete 
|  61|0x0000000088700000, 0x0000000088800000, 0x0000000088800000|100%| E|CS|TAMS 0x0000000088700000, 0x0000000088700000| Complete 
|  62|0x0000000088800000, 0x0000000088900000, 0x0000000088900000|100%| E|CS|TAMS 0x0000000088800000, 0x0000000088800000| Complete 
|  63|0x0000000088900000, 0x0000000088a00000, 0x0000000088a00000|100%| E|CS|TAMS 0x0000000088900000, 0x0000000088900000| Complete 
|  64|0x0000000088a00000, 0x0000000088b00000, 0x0000000088b00000|100%| E|CS|TAMS 0x0000000088a00000, 0x0000000088a00000| Complete 
| 123|0x000000008c500000, 0x000000008c600000, 0x000000008c600000|100%| E|  |TAMS 0x000000008c500000, 0x000000008c500000| Complete 

Card table byte_map: [0x0000019be5cb0000,0x0000019be6090000] _byte_map_base: 0x0000019be588b000

Marking Bits (Prev, Next): (CMBitMap*) 0x0000019bccd9ab90, (CMBitMap*) 0x0000019bccd9ab50
 Prev Bits: [0x0000019be8350000, 0x0000019bea228000)
 Next Bits: [0x0000019be6470000, 0x0000019be8348000)

Polling page: 0x0000019bcc4d0000

Metaspace:

Usage:
  Non-class:     68.74 MB used.
      Class:     10.69 MB used.
       Both:     79.42 MB used.

Virtual space:
  Non-class space:      128.00 MB reserved,      69.06 MB ( 54%) committed,  2 nodes.
      Class space:        1.00 GB reserved,      11.06 MB (  1%) committed,  1 nodes.
             Both:        1.12 GB reserved,      80.12 MB (  7%) committed. 

Chunk freelists:
   Non-Class:  2.88 MB
       Class:  928.00 KB
        Both:  3.78 MB

MaxMetaspaceSize: unlimited
CompressedClassSpaceSize: 1.00 GB
Initial GC threshold: 21.00 MB
Current GC threshold: 126.38 MB
CDS: on
MetaspaceReclaimPolicy: balanced
 - commit_granule_bytes: 65536.
 - commit_granule_words: 8192.
 - virtual_space_node_default_size: 8388608.
 - enlarge_chunks_in_place: 1.
 - new_chunks_are_fully_committed: 0.
 - uncommit_free_chunks: 1.
 - use_allocation_guard: 0.


Internal statistics:

num_allocs_failed_limit: 9.
num_arena_births: 1118.
num_arena_deaths: 0.
num_vsnodes_births: 3.
num_vsnodes_deaths: 0.
num_space_committed: 1282.
num_space_uncommitted: 0.
num_chunks_returned_to_freelist: 9.
num_chunks_taken_from_freelist: 3902.
num_chunk_merges: 6.
num_chunk_splits: 2905.
num_chunks_enlarged: 2382.
num_inconsistent_stats: 0.

CodeHeap 'non-profiled nmethods': size=120000Kb used=4033Kb max_used=4033Kb free=115966Kb
 bounds [0x0000019bdd940000, 0x0000019bddd40000, 0x0000019be4e70000]
CodeHeap 'profiled nmethods': size=120000Kb used=12907Kb max_used=12907Kb free=107092Kb
 bounds [0x0000019bd6410000, 0x0000019bd70b0000, 0x0000019bdd940000]
CodeHeap 'non-nmethods': size=5760Kb used=1405Kb max_used=1446Kb free=4354Kb
 bounds [0x0000019bd5e70000, 0x0000019bd60e0000, 0x0000019bd6410000]
 total_blobs=7052 nmethods=6325 adapters=639
 compilation: enabled
              stopped_count=0, restarted_count=0
 full_count=0

Compilation events (20 events):
Event: 777.553 Thread 0x0000019becc3a040 nmethod 7326 0x0000019bddd2ee90 code [0x0000019bddd2f020, 0x0000019bddd2f1f8]
Event: 847.674 Thread 0x0000019becc3a040 7327       4       java.util.concurrent.ThreadPoolExecutor::runStateAtLeast (11 bytes)
Event: 847.678 Thread 0x0000019becc3a040 nmethod 7327 0x0000019bddd2f310 code [0x0000019bddd2f480, 0x0000019bddd2f4f8]
Event: 918.479 Thread 0x0000019becc3bc30 7328       3       java.util.TreeSet::add (22 bytes)
Event: 918.541 Thread 0x0000019becc3bc30 nmethod 7328 0x0000019bd70a8f10 code [0x0000019bd70a90c0, 0x0000019bd70a9308]
Event: 968.547 Thread 0x0000019becc3bc30 7329       3       org.apache.catalina.webresources.Cache$$Lambda$1568/0x0000000801627300::applyAsLong (8 bytes)
Event: 968.680 Thread 0x0000019becc3bc30 nmethod 7329 0x0000019bd70a9410 code [0x0000019bd70a95c0, 0x0000019bd70a97f8]
Event: 968.685 Thread 0x0000019becc3bc30 7330  s!   3       org.apache.catalina.core.ContainerBase::backgroundProcess (172 bytes)
Event: 968.834 Thread 0x0000019becc3bc30 nmethod 7330 0x0000019bd70a9910 code [0x0000019bd70a9c60, 0x0000019bd70ab578]
Event: 1013.214 Thread 0x0000019becc3a040 7332       4       java.util.concurrent.ThreadPoolExecutor::afterExecute (1 bytes)
Event: 1013.221 Thread 0x0000019becc3a040 nmethod 7332 0x0000019bddd2f610 code [0x0000019bddd2f780, 0x0000019bddd2f7f8]
Event: 1018.589 Thread 0x0000019becc3bc30 7333       3       java.util.TreeMap$PrivateEntryIterator::<init> (28 bytes)
Event: 1018.598 Thread 0x0000019becc3bc30 nmethod 7333 0x0000019bd70abd90 code [0x0000019bd70abf40, 0x0000019bd70ac198]
Event: 1048.214 Thread 0x0000019becc3a040 7335       4       java.util.concurrent.locks.ReentrantLock$Sync::isHeldExclusively (16 bytes)
Event: 1048.255 Thread 0x0000019becc3a040 nmethod 7335 0x0000019bddd2fd10 code [0x0000019bddd2fe80, 0x0000019bddd2ff38]
Event: 1048.618 Thread 0x0000019becc3a040 7336       4       java.util.concurrent.locks.AbstractQueuedSynchronizer$Node::getAndUnsetStatus (14 bytes)
Event: 1048.640 Thread 0x0000019becc3a040 nmethod 7336 0x0000019bddd30010 code [0x0000019bddd30180, 0x0000019bddd30238]
Event: 1055.223 Thread 0x0000019becc3a040 7337       4       java.util.concurrent.ScheduledThreadPoolExecutor$ScheduledFutureTask::compareTo (101 bytes)
Event: 1055.235 Thread 0x0000019becc3a040 nmethod 7337 0x0000019bddd30310 code [0x0000019bddd304a0, 0x0000019bddd30598]
Event: 1059.615 Thread 0x0000019becc3a040 7338       4       java.net.URLStreamHandler::parseURL (1124 bytes)

GC Heap History (20 events):
Event: 14.047 GC heap before
{Heap before GC invocations=15 (full 0):
 garbage-first heap   total 55296K, used 28235K [0x0000000084a00000, 0x0000000100000000)
  region size 1024K, 5 young (5120K), 2 survivors (2048K)
 Metaspace       used 59835K, committed 60416K, reserved 1114112K
  class space    used 7836K, committed 8128K, reserved 1048576K
}
Event: 14.050 GC heap after
{Heap after GC invocations=16 (full 0):
 garbage-first heap   total 55296K, used 26226K [0x0000000084a00000, 0x0000000100000000)
  region size 1024K, 2 young (2048K), 2 survivors (2048K)
 Metaspace       used 59835K, committed 60416K, reserved 1114112K
  class space    used 7836K, committed 8128K, reserved 1048576K
}
Event: 14.819 GC heap before
{Heap before GC invocations=17 (full 0):
 garbage-first heap   total 55296K, used 43634K [0x0000000084a00000, 0x0000000100000000)
  region size 1024K, 20 young (20480K), 2 survivors (2048K)
 Metaspace       used 63256K, committed 63872K, reserved 1114112K
  class space    used 8337K, committed 8640K, reserved 1048576K
}
Event: 14.826 GC heap after
{Heap after GC invocations=18 (full 0):
 garbage-first heap   total 55296K, used 27857K [0x0000000084a00000, 0x0000000100000000)
  region size 1024K, 3 young (3072K), 3 survivors (3072K)
 Metaspace       used 63256K, committed 63872K, reserved 1114112K
  class space    used 8337K, committed 8640K, reserved 1048576K
}
Event: 15.332 GC heap before
{Heap before GC invocations=18 (full 0):
 garbage-first heap   total 55296K, used 43217K [0x0000000084a00000, 0x0000000100000000)
  region size 1024K, 19 young (19456K), 3 survivors (3072K)
 Metaspace       used 65616K, committed 66240K, reserved 1114112K
  class space    used 8727K, committed 9024K, reserved 1048576K
}
Event: 15.339 GC heap after
{Heap after GC invocations=19 (full 0):
 garbage-first heap   total 55296K, used 29129K [0x0000000084a00000, 0x0000000100000000)
  region size 1024K, 2 young (2048K), 2 survivors (2048K)
 Metaspace       used 65616K, committed 66240K, reserved 1114112K
  class space    used 8727K, committed 9024K, reserved 1048576K
}
Event: 15.775 GC heap before
{Heap before GC invocations=20 (full 0):
 garbage-first heap   total 55296K, used 43465K [0x0000000084a00000, 0x0000000100000000)
  region size 1024K, 17 young (17408K), 2 survivors (2048K)
 Metaspace       used 67715K, committed 68352K, reserved 1114112K
  class space    used 9141K, committed 9472K, reserved 1048576K
}
Event: 15.778 GC heap after
{Heap after GC invocations=21 (full 0):
 garbage-first heap   total 55296K, used 30214K [0x0000000084a00000, 0x0000000100000000)
  region size 1024K, 3 young (3072K), 3 survivors (3072K)
 Metaspace       used 67715K, committed 68352K, reserved 1114112K
  class space    used 9141K, committed 9472K, reserved 1048576K
}
Event: 16.087 GC heap before
{Heap before GC invocations=21 (full 0):
 garbage-first heap   total 55296K, used 43526K [0x0000000084a00000, 0x0000000100000000)
  region size 1024K, 16 young (16384K), 3 survivors (3072K)
 Metaspace       used 69100K, committed 69760K, reserved 1114112K
  class space    used 9357K, committed 9664K, reserved 1048576K
}
Event: 16.091 GC heap after
{Heap after GC invocations=22 (full 0):
 garbage-first heap   total 55296K, used 30975K [0x0000000084a00000, 0x0000000100000000)
  region size 1024K, 1 young (1024K), 1 survivors (1024K)
 Metaspace       used 69100K, committed 69760K, reserved 1114112K
  class space    used 9357K, committed 9664K, reserved 1048576K
}
Event: 16.507 GC heap before
{Heap before GC invocations=23 (full 0):
 garbage-first heap   total 58368K, used 45311K [0x0000000084a00000, 0x0000000100000000)
  region size 1024K, 15 young (15360K), 1 survivors (1024K)
 Metaspace       used 70350K, committed 71040K, reserved 1114112K
  class space    used 9509K, committed 9856K, reserved 1048576K
}
Event: 16.511 GC heap after
{Heap after GC invocations=24 (full 0):
 garbage-first heap   total 58368K, used 31864K [0x0000000084a00000, 0x0000000100000000)
  region size 1024K, 2 young (2048K), 2 survivors (2048K)
 Metaspace       used 70350K, committed 71040K, reserved 1114112K
  class space    used 9509K, committed 9856K, reserved 1048576K
}
Event: 17.130 GC heap before
{Heap before GC invocations=24 (full 0):
 garbage-first heap   total 58368K, used 47224K [0x0000000084a00000, 0x0000000100000000)
  region size 1024K, 17 young (17408K), 2 survivors (2048K)
 Metaspace       used 72698K, committed 73408K, reserved 1114112K
  class space    used 9829K, committed 10176K, reserved 1048576K
}
Event: 17.135 GC heap after
{Heap after GC invocations=25 (full 0):
 garbage-first heap   total 58368K, used 33337K [0x0000000084a00000, 0x0000000100000000)
  region size 1024K, 3 young (3072K), 3 survivors (3072K)
 Metaspace       used 72698K, committed 73408K, reserved 1114112K
  class space    used 9829K, committed 10176K, reserved 1048576K
}
Event: 17.787 GC heap before
{Heap before GC invocations=26 (full 0):
 garbage-first heap   total 61440K, used 46649K [0x0000000084a00000, 0x0000000100000000)
  region size 1024K, 16 young (16384K), 3 survivors (3072K)
 Metaspace       used 74626K, committed 75328K, reserved 1179648K
  class space    used 10097K, committed 10432K, reserved 1048576K
}
Event: 17.792 GC heap after
{Heap after GC invocations=27 (full 0):
 garbage-first heap   total 61440K, used 34728K [0x0000000084a00000, 0x0000000100000000)
  region size 1024K, 2 young (2048K), 2 survivors (2048K)
 Metaspace       used 74626K, committed 75328K, reserved 1179648K
  class space    used 10097K, committed 10432K, reserved 1048576K
}
Event: 24.910 GC heap before
{Heap before GC invocations=27 (full 0):
 garbage-first heap   total 61440K, used 50088K [0x0000000084a00000, 0x0000000100000000)
  region size 1024K, 17 young (17408K), 2 survivors (2048K)
 Metaspace       used 76588K, committed 77376K, reserved 1179648K
  class space    used 10346K, committed 10752K, reserved 1048576K
}
Event: 24.915 GC heap after
{Heap after GC invocations=28 (full 0):
 garbage-first heap   total 61440K, used 35959K [0x0000000084a00000, 0x0000000100000000)
  region size 1024K, 3 young (3072K), 3 survivors (3072K)
 Metaspace       used 76588K, committed 77376K, reserved 1179648K
  class space    used 10346K, committed 10752K, reserved 1048576K
}
Event: 42.631 GC heap before
{Heap before GC invocations=29 (full 0):
 garbage-first heap   total 65536K, used 48247K [0x0000000084a00000, 0x0000000100000000)
  region size 1024K, 16 young (16384K), 3 survivors (3072K)
 Metaspace       used 79204K, committed 80000K, reserved 1179648K
  class space    used 10670K, committed 11072K, reserved 1048576K
}
Event: 42.642 GC heap after
{Heap after GC invocations=30 (full 0):
 garbage-first heap   total 65536K, used 36918K [0x0000000084a00000, 0x0000000100000000)
  region size 1024K, 2 young (2048K), 2 survivors (2048K)
 Metaspace       used 79204K, committed 80000K, reserved 1179648K
  class space    used 10670K, committed 11072K, reserved 1048576K
}

Deoptimization events (20 events):
Event: 25.230 Thread 0x0000019bf38e8d00 DEOPT PACKING pc=0x0000019bddb1e930 sp=0x00000065242fe770
Event: 25.230 Thread 0x0000019bf38e8d00 DEOPT UNPACKING pc=0x0000019bd5ec5c23 sp=0x00000065242fe730 mode 2
Event: 25.230 Thread 0x0000019bf38e8d00 Uncommon trap: trap_request=0xffffff45 fr.pc=0x0000019bdd951db8 relative=0x0000000000000038
Event: 25.230 Thread 0x0000019bf38e8d00 Uncommon trap: reason=unstable_if action=reinterpret pc=0x0000019bdd951db8 method=java.lang.StringLatin1.canEncode(I)Z @ 4 c2
Event: 25.230 Thread 0x0000019bf38e8d00 DEOPT PACKING pc=0x0000019bdd951db8 sp=0x00000065242fe730
Event: 25.230 Thread 0x0000019bf38e8d00 DEOPT UNPACKING pc=0x0000019bd5ec5c23 sp=0x00000065242fe6c0 mode 2
Event: 42.502 Thread 0x0000019bf38e91d0 Uncommon trap: trap_request=0xffffff45 fr.pc=0x0000019bddce4ba4 relative=0x00000000000008a4
Event: 42.502 Thread 0x0000019bf38e91d0 Uncommon trap: reason=unstable_if action=reinterpret pc=0x0000019bddce4ba4 method=sun.security.provider.SHA2.implReset()V @ 8 c2
Event: 42.503 Thread 0x0000019bf38e91d0 DEOPT PACKING pc=0x0000019bddce4ba4 sp=0x00000065244fb1b0
Event: 42.503 Thread 0x0000019bf38e91d0 DEOPT UNPACKING pc=0x0000019bd5ec5c23 sp=0x00000065244fb0b8 mode 2
Event: 42.503 Thread 0x0000019bf38e91d0 Uncommon trap: trap_request=0xffffff45 fr.pc=0x0000019bddce7848 relative=0x0000000000000128
Event: 42.503 Thread 0x0000019bf38e91d0 Uncommon trap: reason=unstable_if action=reinterpret pc=0x0000019bddce7848 method=sun.security.provider.SHA2.implReset()V @ 8 c2
Event: 42.503 Thread 0x0000019bf38e91d0 DEOPT PACKING pc=0x0000019bddce7848 sp=0x00000065244fb0d0
Event: 42.503 Thread 0x0000019bf38e91d0 DEOPT UNPACKING pc=0x0000019bd5ec5c23 sp=0x00000065244fb090 mode 2
Event: 42.503 Thread 0x0000019bf38e91d0 DEOPT PACKING pc=0x0000019bd6fff203 sp=0x00000065244fb460
Event: 42.503 Thread 0x0000019bf38e91d0 DEOPT UNPACKING pc=0x0000019bd5ec6763 sp=0x00000065244fa938 mode 0
Event: 43.000 Thread 0x0000019bf38e91d0 Uncommon trap: trap_request=0xffffff45 fr.pc=0x0000019bddd08194 relative=0x0000000000000894
Event: 43.000 Thread 0x0000019bf38e91d0 Uncommon trap: reason=unstable_if action=reinterpret pc=0x0000019bddd08194 method=com.sun.crypto.provider.HmacCore.engineUpdate([BII)V @ 5 c2
Event: 43.000 Thread 0x0000019bf38e91d0 DEOPT PACKING pc=0x0000019bddd08194 sp=0x00000065244fb420
Event: 43.000 Thread 0x0000019bf38e91d0 DEOPT UNPACKING pc=0x0000019bd5ec5c23 sp=0x00000065244fb408 mode 2

Classes loaded (20 events):
Event: 25.221 Loading class java/util/Scanner
Event: 25.224 Loading class java/util/Scanner done
Event: 25.225 Loading class java/util/Scanner$PatternLRUCache
Event: 25.225 Loading class java/util/Scanner$PatternLRUCache done
Event: 25.229 Loading class java/util/regex/Matcher$ImmutableMatchResult
Event: 25.229 Loading class java/util/regex/Matcher$ImmutableMatchResult done
Event: 42.379 Loading class java/time/format/DateTimeFormatterBuilder$ZoneTextPrinterParser
Event: 42.380 Loading class java/time/format/DateTimeFormatterBuilder$ZoneTextPrinterParser done
Event: 42.380 Loading class java/time/format/DateTimeFormatterBuilder$ReducedPrinterParser
Event: 42.380 Loading class java/time/format/DateTimeFormatterBuilder$ReducedPrinterParser done
Event: 42.386 Loading class java/io/PushbackInputStream
Event: 42.387 Loading class java/io/PushbackInputStream done
Event: 42.389 Loading class org/w3c/dom/Node
Event: 42.390 Loading class org/w3c/dom/Node done
Event: 42.390 Loading class org/w3c/dom/Document
Event: 42.391 Loading class org/w3c/dom/Document done
Event: 42.729 Loading class java/util/AbstractMap$SimpleEntry
Event: 42.729 Loading class java/util/AbstractMap$SimpleEntry done
Event: 43.072 Loading class java/util/stream/DoubleStream
Event: 43.074 Loading class java/util/stream/DoubleStream done

Classes unloaded (0 events):
No events

Classes redefined (0 events):
No events

Internal exceptions (20 events):
Event: 16.429 Thread 0x0000019bccd3bb80 Exception <a 'sun/nio/fs/WindowsException'{0x0000000087635b98}> (0x0000000087635b98) 
thrown [s\open\src\hotspot\share\prims\jni.cpp, line 516]
Event: 16.451 Thread 0x0000019bccd3bb80 Exception <a 'java/lang/IncompatibleClassChangeError'{0x00000000876a2870}: Found class java.lang.Object, but interface was expected> (0x00000000876a2870) 
thrown [s\open\src\hotspot\share\interpreter\linkResolver.cpp, line 833]
Event: 16.481 Thread 0x0000019bccd3bb80 Exception <a 'sun/nio/fs/WindowsException'{0x0000000087563590}> (0x0000000087563590) 
thrown [s\open\src\hotspot\share\prims\jni.cpp, line 516]
Event: 17.140 Thread 0x0000019bccd3bb80 Exception <a 'java/lang/IncompatibleClassChangeError'{0x000000008c5107b8}: Found class java.lang.Object, but interface was expected> (0x000000008c5107b8) 
thrown [s\open\src\hotspot\share\interpreter\linkResolver.cpp, line 833]
Event: 17.451 Thread 0x0000019bccd3bb80 Exception <a 'java/lang/NoSuchMethodError'{0x0000000088549b48}: 'void java.lang.invoke.DirectMethodHandle$Holder.invokeVirtual(java.lang.Object, java.lang.Object, long)'> (0x0000000088549b48) 
thrown [s\open\src\hotspot\share\interpreter\linkResolver.cpp, line 766]
Event: 17.627 Thread 0x0000019bccd3bb80 Exception <a 'java/lang/NoSuchMethodError'{0x0000000087b0fb58}: 'int java.lang.invoke.DirectMethodHandle$Holder.invokeStaticInit(java.lang.Object, java.lang.Object, java.lang.Object, java.lang.Object)'> (0x0000000087b0fb58) 
thrown [s\open\src\hotspot\share\interpreter\linkResolver.cpp, line 766]
Event: 17.639 Thread 0x0000019bccd3bb80 Implicit null exception at 0x0000019bddacf44f to 0x0000019bddacfa45
Event: 17.684 Thread 0x0000019bccd3bb80 Exception <a 'java/lang/NoSuchMethodError'{0x0000000087bdbda0}: 'java.lang.Object java.lang.invoke.DirectMethodHandle$Holder.invokeVirtual(java.lang.Object, java.lang.Object, java.lang.Object, java.lang.Object, java.lang.Object, java.lang.Object, java.lang.Object, java.lang.Object, java.lang.Object)'> (0x0000000087bdbda0) 
thrown [s\open\src\hotspot\share\interpreter\linkResolver.cpp, line 766]
Event: 17.862 Thread 0x0000019bccd3bb80 Exception <a 'java/lang/IncompatibleClassChangeError'{0x000000008890cd80}: Found class java.lang.Object, but interface was expected> (0x000000008890cd80) 
thrown [s\open\src\hotspot\share\interpreter\linkResolver.cpp, line 833]
Event: 17.879 Thread 0x0000019bccd3bb80 Implicit null exception at 0x0000019bdda6b13a to 0x0000019bdda6b330
Event: 18.143 Thread 0x0000019bccd3bb80 Exception <a 'java/lang/NoSuchMethodError'{0x0000000087b79768}: 'java.lang.Object java.lang.invoke.DirectMethodHandle$Holder.newInvokeSpecial(java.lang.Object, java.lang.Object, int, java.lang.Object, java.lang.Object)'> (0x0000000087b79768) 
thrown [s\open\src\hotspot\share\interpreter\linkResolver.cpp, line 766]
Event: 18.144 Thread 0x0000019bccd3bb80 Exception <a 'java/lang/NoSuchMethodError'{0x0000000087b84cf0}: 'java.lang.Object java.lang.invoke.DirectMethodHandle$Holder.invokeSpecial(java.lang.Object, java.lang.Object, int, java.lang.Object, int, java.lang.Object)'> (0x0000000087b84cf0) 
thrown [s\open\src\hotspot\share\interpreter\linkResolver.cpp, line 766]
Event: 18.145 Thread 0x0000019bccd3bb80 Exception <a 'java/lang/NoSuchMethodError'{0x0000000087b8caf8}: 'java.lang.Object java.lang.invoke.DirectMethodHandle$Holder.newInvokeSpecial(java.lang.Object, java.lang.Object, int, java.lang.Object, int)'> (0x0000000087b8caf8) 
thrown [s\open\src\hotspot\share\interpreter\linkResolver.cpp, line 766]
Event: 18.145 Thread 0x0000019bccd3bb80 Exception <a 'java/lang/NoSuchMethodError'{0x0000000087b90e40}: 'java.lang.Object java.lang.invoke.DirectMethodHandle$Holder.invokeSpecial(java.lang.Object, java.lang.Object, java.lang.Object, int, java.lang.Object, int)'> (0x0000000087b90e40) 
thrown [s\open\src\hotspot\share\interpreter\linkResolver.cpp, line 766]
Event: 24.956 Thread 0x0000019bf38e8d00 Exception <a 'java/lang/NoSuchMethodError'{0x000000008c5dd598}: 'java.lang.Object java.lang.invoke.DirectMethodHandle$Holder.invokeSpecial(java.lang.Object, java.lang.Object, java.lang.Object, java.lang.Object, java.lang.Object, long)'> (0x000000008c5dd598) 
thrown [s\open\src\hotspot\share\interpreter\linkResolver.cpp, line 766]
Event: 24.956 Thread 0x0000019bf38e8d00 Exception <a 'java/lang/NoSuchMethodError'{0x000000008c5e1220}: 'java.lang.Object java.lang.invoke.Invokers$Holder.linkToTargetMethod(java.lang.Object, java.lang.Object, java.lang.Object, long, java.lang.Object)'> (0x000000008c5e1220) 
thrown [s\open\src\hotspot\share\interpreter\linkResolver.cpp, line 766]
Event: 42.502 Thread 0x0000019bf38e91d0 Implicit null exception at 0x0000019bddce43d2 to 0x0000019bddce4b88
Event: 42.503 Thread 0x0000019bf38e91d0 Implicit null exception at 0x0000019bddce778d to 0x0000019bddce7830
Event: 42.759 Thread 0x0000019bf38e91d0 Exception <a 'java/lang/NoSuchMethodError'{0x00000000889cc4e0}: 'void java.lang.invoke.DirectMethodHandle$Holder.invokeSpecialIFC(java.lang.Object, java.lang.Object, int, java.lang.Object, java.lang.Object, java.lang.Object, java.lang.Object)'> (0x00000000889cc4e0) 
thrown [s\open\src\hotspot\share\interpreter\linkResolver.cpp, line 766]
Event: 42.990 Thread 0x0000019bf38e91d0 Exception <a 'java/lang/IncompatibleClassChangeError'{0x0000000088695d58}: Found class java.lang.Object, but interface was expected> (0x0000000088695d58) 
thrown [s\open\src\hotspot\share\interpreter\linkResolver.cpp, line 833]

VM Operations (20 events):
Event: 214.665 Executing VM operation: Cleanup
Event: 214.665 Executing VM operation: Cleanup done
Event: 215.678 Executing VM operation: Cleanup
Event: 215.678 Executing VM operation: Cleanup done
Event: 217.697 Executing VM operation: Cleanup
Event: 217.698 Executing VM operation: Cleanup done
Event: 258.056 Executing VM operation: Cleanup
Event: 258.057 Executing VM operation: Cleanup done
Event: 316.630 Executing VM operation: Cleanup
Event: 316.631 Executing VM operation: Cleanup done
Event: 374.200 Executing VM operation: Cleanup
Event: 374.202 Executing VM operation: Cleanup done
Event: 421.671 Executing VM operation: Cleanup
Event: 421.672 Executing VM operation: Cleanup done
Event: 658.975 Executing VM operation: Cleanup
Event: 658.983 Executing VM operation: Cleanup done
Event: 779.176 Executing VM operation: Cleanup
Event: 779.178 Executing VM operation: Cleanup done
Event: 1049.536 Executing VM operation: Cleanup
Event: 1049.543 Executing VM operation: Cleanup done

Events (20 events):
Event: 18.166 Thread 0x0000019bf38e8830 Thread added: 0x0000019bf38e8830
Event: 18.167 Thread 0x0000019bf38e8d00 Thread added: 0x0000019bf38e8d00
Event: 18.167 Thread 0x0000019bf38e5810 Thread added: 0x0000019bf38e5810
Event: 18.167 Thread 0x0000019bf38e91d0 Thread added: 0x0000019bf38e91d0
Event: 18.167 Thread 0x0000019bf38e6680 Thread added: 0x0000019bf38e6680
Event: 18.167 Thread 0x0000019bf38e74f0 Thread added: 0x0000019bf38e74f0
Event: 18.167 Thread 0x0000019bf38e79c0 Thread added: 0x0000019bf38e79c0
Event: 18.168 Thread 0x0000019bf3bbba80 Thread added: 0x0000019bf3bbba80
Event: 18.168 Thread 0x0000019bf3bbb5b0 Thread added: 0x0000019bf3bbb5b0
Event: 18.168 Thread 0x0000019bf3bbdc30 Thread added: 0x0000019bf3bbdc30
Event: 18.205 Thread 0x0000019bf3bbf440 Thread added: 0x0000019bf3bbf440
Event: 18.208 Thread 0x0000019bf3bbef70 Thread added: 0x0000019bf3bbef70
Event: 18.783 Thread 0x0000019bccd3bb80 Thread exited: 0x0000019bccd3bb80
Event: 18.783 Thread 0x0000019bf3bbbf50 Thread added: 0x0000019bf3bbbf50
Event: 25.147 Thread 0x0000019becc4cdc0 flushing nmethod 0x0000019bd6517d10
Event: 25.148 Thread 0x0000019becc4cdc0 flushing nmethod 0x0000019bd6589310
Event: 42.505 Thread 0x0000019bf209e830 Thread added: 0x0000019bf209e830
Event: 42.534 Thread 0x0000019bf20a0690 Thread added: 0x0000019bf20a0690
Event: 42.898 Thread 0x0000019bf20a0690 Thread exited: 0x0000019bf20a0690
Event: 47.622 Thread 0x0000019bf209e830 Thread exited: 0x0000019bf209e830


Dynamic libraries:
0x00007ff7e1c30000 - 0x00007ff7e1c40000 	C:\Program Files\Java\jdk-18.0.1.1\bin\java.exe
0x00007ffbe0e90000 - 0x00007ffbe10a6000 	C:\WINDOWS\SYSTEM32\ntdll.dll
0x00007ffb8b630000 - 0x00007ffb8b801000 	C:\Program Files\Cylance\Desktop\CylanceMemDef64.dll
0x00007ffbdf940000 - 0x00007ffbdfa04000 	C:\WINDOWS\System32\KERNEL32.DLL
0x00007ffbde810000 - 0x00007ffbdebb7000 	C:\WINDOWS\System32\KERNELBASE.dll
0x00007ffbde490000 - 0x00007ffbde5a1000 	C:\WINDOWS\System32\ucrtbase.dll
0x00007ffbc97e0000 - 0x00007ffbc97fa000 	C:\Program Files\Java\jdk-18.0.1.1\bin\VCRUNTIME140.dll
0x00007ffbce3e0000 - 0x00007ffbce3f8000 	C:\Program Files\Java\jdk-18.0.1.1\bin\jli.dll
0x00007ffbe0ce0000 - 0x00007ffbe0d92000 	C:\WINDOWS\System32\ADVAPI32.dll
0x00007ffbdfa10000 - 0x00007ffbdfab7000 	C:\WINDOWS\System32\msvcrt.dll
0x00007ffbdf7e0000 - 0x00007ffbdf888000 	C:\WINDOWS\System32\sechost.dll
0x00007ffbde460000 - 0x00007ffbde488000 	C:\WINDOWS\System32\bcrypt.dll
0x00007ffbe0160000 - 0x00007ffbe0275000 	C:\WINDOWS\System32\RPCRT4.dll
0x00007ffbe0280000 - 0x00007ffbe042e000 	C:\WINDOWS\System32\USER32.dll
0x00007ffbde390000 - 0x00007ffbde3b6000 	C:\WINDOWS\System32\win32u.dll
0x00007ffbc0760000 - 0x00007ffbc09f3000 	C:\WINDOWS\WinSxS\amd64_microsoft.windows.common-controls_6595b64144ccf1df_6.0.22621.3235_none_270f74e173860f98\COMCTL32.dll
0x00007ffbe07a0000 - 0x00007ffbe07c9000 	C:\WINDOWS\System32\GDI32.dll
0x00007ffbde6f0000 - 0x00007ffbde809000 	C:\WINDOWS\System32\gdi32full.dll
0x00007ffbde3c0000 - 0x00007ffbde45a000 	C:\WINDOWS\System32\msvcp_win.dll
0x00007ffbd27e0000 - 0x00007ffbd27ea000 	C:\WINDOWS\SYSTEM32\VERSION.dll
0x00007ffbdf6a0000 - 0x00007ffbdf6d1000 	C:\WINDOWS\System32\IMM32.DLL
0x00007ffbd3ed0000 - 0x00007ffbd3edc000 	C:\Program Files\Java\jdk-18.0.1.1\bin\vcruntime140_1.dll
0x00007ffbbd9a0000 - 0x00007ffbbda2d000 	C:\Program Files\Java\jdk-18.0.1.1\bin\msvcp140.dll
0x00007ffb29a80000 - 0x00007ffb2a690000 	C:\Program Files\Java\jdk-18.0.1.1\bin\server\jvm.dll
0x00007ffbdfd40000 - 0x00007ffbdfd48000 	C:\WINDOWS\System32\PSAPI.DLL
0x00007ffbd86b0000 - 0x00007ffbd86e4000 	C:\WINDOWS\SYSTEM32\WINMM.dll
0x00007ffbd27b0000 - 0x00007ffbd27b9000 	C:\WINDOWS\SYSTEM32\WSOCK32.dll
0x00007ffbdebc0000 - 0x00007ffbdec31000 	C:\WINDOWS\System32\WS2_32.dll
0x00007ffbdd1b0000 - 0x00007ffbdd1c8000 	C:\WINDOWS\SYSTEM32\kernel.appcore.dll
0x00007ffbd22b0000 - 0x00007ffbd22ba000 	C:\Program Files\Java\jdk-18.0.1.1\bin\jimage.dll
0x00007ffbdb7d0000 - 0x00007ffbdba03000 	C:\WINDOWS\SYSTEM32\DBGHELP.DLL
0x00007ffbdfdb0000 - 0x00007ffbe0138000 	C:\WINDOWS\System32\combase.dll
0x00007ffbdec40000 - 0x00007ffbded17000 	C:\WINDOWS\System32\OLEAUT32.dll
0x00007ffbd86f0000 - 0x00007ffbd8722000 	C:\WINDOWS\SYSTEM32\dbgcore.DLL
0x00007ffbde670000 - 0x00007ffbde6e9000 	C:\WINDOWS\System32\bcryptPrimitives.dll
0x00007ffbc91d0000 - 0x00007ffbc91de000 	C:\Program Files\Java\jdk-18.0.1.1\bin\instrument.dll
0x00007ffbc1a70000 - 0x00007ffbc1a95000 	C:\Program Files\Java\jdk-18.0.1.1\bin\java.dll
0x00007ffb6c160000 - 0x00007ffb6c236000 	C:\Program Files\Java\jdk-18.0.1.1\bin\jsvml.dll
0x00007ffbded40000 - 0x00007ffbdf59c000 	C:\WINDOWS\System32\SHELL32.dll
0x00007ffbdbe00000 - 0x00007ffbdc6f9000 	C:\WINDOWS\SYSTEM32\windows.storage.dll
0x00007ffbdbcc0000 - 0x00007ffbdbdfe000 	C:\WINDOWS\SYSTEM32\wintypes.dll
0x00007ffbdfc20000 - 0x00007ffbdfd13000 	C:\WINDOWS\System32\SHCORE.dll
0x00007ffbdf890000 - 0x00007ffbdf8ee000 	C:\WINDOWS\System32\shlwapi.dll
0x00007ffbde0e0000 - 0x00007ffbde101000 	C:\WINDOWS\SYSTEM32\profapi.dll
0x00007ffbbfa70000 - 0x00007ffbbfa88000 	C:\Program Files\Java\jdk-18.0.1.1\bin\zip.dll
0x00007ffbc8c60000 - 0x00007ffbc8c73000 	C:\Program Files\Java\jdk-18.0.1.1\bin\net.dll
0x00007ffbdd1d0000 - 0x00007ffbdd306000 	C:\WINDOWS\SYSTEM32\WINHTTP.dll
0x00007ffbdd750000 - 0x00007ffbdd7b9000 	C:\WINDOWS\system32\mswsock.dll
0x00007ffbbfa90000 - 0x00007ffbbfaa6000 	C:\Program Files\Java\jdk-18.0.1.1\bin\nio.dll
0x00007ffbc8ca0000 - 0x00007ffbc8cba000 	C:\Program Files\JetBrains\IntelliJ IDEA Community Edition 2022.2.3\bin\breakgen64.dll
0x00007ffbc8db0000 - 0x00007ffbc8dbe000 	C:\Program Files\Java\jdk-18.0.1.1\bin\sunmscapi.dll
0x00007ffbde1b0000 - 0x00007ffbde317000 	C:\WINDOWS\System32\CRYPT32.dll
0x00007ffbddaf0000 - 0x00007ffbddb1e000 	C:\WINDOWS\SYSTEM32\ncrypt.dll
0x00007ffbddab0000 - 0x00007ffbddae7000 	C:\WINDOWS\SYSTEM32\NTASN1.dll
0x00007ffbdd9f0000 - 0x00007ffbdda0b000 	C:\WINDOWS\SYSTEM32\CRYPTSP.dll
0x00007ffbdd110000 - 0x00007ffbdd145000 	C:\WINDOWS\system32\rsaenh.dll
0x00007ffbdd7f0000 - 0x00007ffbdd818000 	C:\WINDOWS\SYSTEM32\USERENV.dll
0x00007ffbdd9d0000 - 0x00007ffbdd9dc000 	C:\WINDOWS\SYSTEM32\CRYPTBASE.dll
0x00007ffbdc920000 - 0x00007ffbdc94d000 	C:\WINDOWS\SYSTEM32\IPHLPAPI.DLL
0x00007ffbdfd30000 - 0x00007ffbdfd39000 	C:\WINDOWS\System32\NSI.dll
0x00007ffbd43f0000 - 0x00007ffbd4409000 	C:\WINDOWS\SYSTEM32\dhcpcsvc6.DLL
0x00007ffbd43d0000 - 0x00007ffbd43ef000 	C:\WINDOWS\SYSTEM32\dhcpcsvc.DLL
0x00007ffbdc950000 - 0x00007ffbdca49000 	C:\WINDOWS\SYSTEM32\DNSAPI.dll
0x00007ffbd7500000 - 0x00007ffbd7509000 	C:\Program Files\Java\jdk-18.0.1.1\bin\management.dll
0x00007ffbc91e0000 - 0x00007ffbc91eb000 	C:\Program Files\Java\jdk-18.0.1.1\bin\management_ext.dll
0x00007ffbd1720000 - 0x00007ffbd172a000 	C:\Windows\System32\rasadhlp.dll
0x00007ffbd21a0000 - 0x00007ffbd2223000 	C:\WINDOWS\System32\fwpuclnt.dll
0x00007ffbc1a60000 - 0x00007ffbc1a70000 	C:\Program Files\Java\jdk-18.0.1.1\bin\verify.dll

dbghelp: loaded successfully - version: 4.0.5 - missing functions: none
symbol engine: initialized successfully - sym options: 0x614 - pdb path: .;C:\Program Files\Java\jdk-18.0.1.1\bin;C:\WINDOWS\SYSTEM32;C:\Program Files\Cylance\Desktop;C:\WINDOWS\WinSxS\amd64_microsoft.windows.common-controls_6595b64144ccf1df_6.0.22621.3235_none_270f74e173860f98;C:\Program Files\Java\jdk-18.0.1.1\bin\server;C:\Program Files\JetBrains\IntelliJ IDEA Community Edition 2022.2.3\bin

VM Arguments:
jvm_args: -javaagent:C:\Program Files\JetBrains\IntelliJ IDEA Community Edition 2022.2.3\lib\idea_rt.jar=63507:C:\Program Files\JetBrains\IntelliJ IDEA Community Edition 2022.2.3\bin -Dfile.encoding=UTF-8 -Dsun.stdout.encoding=UTF-8 -Dsun.stderr.encoding=UTF-8 
java_command: br.com.rest.RestApplication
java_class_path (initial): C:\Users\thaina.alves.FIRST.000\OneDrive - FIRST TECH TECNOLOGIA LTDA\Documentos\Curso REST\rest-with-spring-boot-and-java\rest\target\classes;C:\Users\thaina.alves.FIRST.000\.m2\repository\org\springframework\boot\spring-boot-starter-web\3.2.1\spring-boot-starter-web-3.2.1.jar;C:\Users\thaina.alves.FIRST.000\.m2\repository\org\springframework\boot\spring-boot-starter\3.2.1\spring-boot-starter-3.2.1.jar;C:\Users\thaina.alves.FIRST.000\.m2\repository\org\springframework\boot\spring-boot\3.2.1\spring-boot-3.2.1.jar;C:\Users\thaina.alves.FIRST.000\.m2\repository\org\springframework\boot\spring-boot-autoconfigure\3.2.1\spring-boot-autoconfigure-3.2.1.jar;C:\Users\thaina.alves.FIRST.000\.m2\repository\org\springframework\boot\spring-boot-starter-logging\3.2.1\spring-boot-starter-logging-3.2.1.jar;C:\Users\thaina.alves.FIRST.000\.m2\repository\ch\qos\logback\logback-classic\1.4.14\logback-classic-1.4.14.jar;C:\Users\thaina.alves.FIRST.000\.m2\repository\ch\qos\logback\logback-core\1.4.14\logback-core-1.4.14.jar;C:\Users\thaina.alves.FIRST.000\.m2\repository\org\apache\logging\log4j\log4j-to-slf4j\2.21.1\log4j-to-slf4j-2.21.1.jar;C:\Users\thaina.alves.FIRST.000\.m2\repository\org\apache\logging\log4j\log4j-api\2.21.1\log4j-api-2.21.1.jar;C:\Users\thaina.alves.FIRST.000\.m2\repository\org\slf4j\jul-to-slf4j\2.0.9\jul-to-slf4j-2.0.9.jar;C:\Users\thaina.alves.FIRST.000\.m2\repository\jakarta\annotation\jakarta.annotation-api\2.1.1\jakarta.annotation-api-2.1.1.jar;C:\Users\thaina.alves.FIRST.000\.m2\repository\org\springframework\boot\spring-boot-starter-json\3.2.1\spring-boot-starter-json-3.2.1.jar;C:\Users\thaina.alves.FIRST.000\.m2\repository\com\fasterxml\jackson\datatype\jackson-datatype-jdk8\2.15.3\jackson-datatype-jdk8-2.15.3.jar;C:\Users\thaina.alves.FIRST.000\.m2\repository\com\fasterxml\jackson\datatype\jackson-datatype-jsr310\2.15.3\jackson-datatype-jsr310-2.15.3.jar;C:\Users\thaina.alves.FIRST.000\.m2\repository\com\fasterxml\jackson\module\jackson-module-parameter-names\2.15.3\jackson-module-parameter-names-2.15.3.jar;C:\Users\thaina.alves.FIRST.000\.m2\repository\org\springframework\boot\spring-boot-starter-tomcat\3.2.1\spring-boot-starter-tomcat-3.2.1.jar;C:\Users\thaina.alves.FIRST.000\.m2\repository\org\apache\tomcat\embed\tomcat-embed-core\10.1.17\tomcat-embed-core-10.1.17.jar;C:\Users\thaina.alves.FIRST.000\.m2\repository\org\apache\tomcat\embed\tomcat-embed-el\10.1.17\tomcat-embed-el-10.1.17.jar;C:\Users\thaina.alves.FIRST.000\.m2\repository\org\apache\tomcat\embed\tomcat-embed-websocket\10.1.17\tomcat-embed-websocket-10.1.17.jar;C:\Users\thaina.alves.FIRST.000\.m2\repository\org\springframework\spring-web\6.1.2\spring-web-6.1.2.jar;C:\Users\thaina.alves.FIRST.000\.m2\repository\io\micrometer\micrometer-observation\1.12.1\micrometer-observation-1.12.1.jar;C:\Users\thaina.alves.FIRST.000\.m2\repository\io\micrometer\micrometer-commons\1.12.1\micrometer-commons-1.12.1.jar;C:\Users\thaina.alves.FIRST.000\.m2\repository\org\springframework\spring-webmvc\6.1.2\spring-webmvc-6.1.2.jar;C:\Users\thaina.alves.FIRST.000\.m2\repository\org\springframework\spring-expression\6.1.2\spring-expression-6.1.2.jar;C:\Users\thaina.alves.FIRST.000\.m2\repository\com\jayway\jsonpath\json-path\2.8.0\json-path-2.8.0.jar;C:\Users\thaina.alves.FIRST.000\.m2\repository\jakarta\xml\bind\jakarta.xml.bind-api\4.0.1\jakarta.xml.bind-api-4.0.1.jar;C:\Users\thaina.alves.FIRST.000\.m2\repository\jakarta\activation\jakarta.activation-api\2.1.2\jakarta.activation-api-2.1.2.jar;C:\Users\thaina.alves.FIRST.000\.m2\repository\net\minidev\json-smart\2.5.0\json-smart-2.5.0.jar;C:\Users\thaina.alves.FIRST.000\.m2\repository\net\minidev\accessors-smart\2.5.0\accessors-smart-2.5.0.jar;C:\Users\thaina.alves.FIRST.000\.m2\repository\org\ow2\asm\asm\9.3\asm-9.3.jar;C:\Users\thaina.alves.FIRST.000\.m2\repository\org\springframework\spring-core\6.1.2\spring-core-6.1.2.jar;C:\Users\thaina.alves.FIRST.000\.m2\repository\org\springframework\spring-jcl\6.1.2\spring-jcl-6.1.2.jar;C:\Users\thaina.alves.FIRST.000\.m2\repository\org\springframework\boot\spring-boot-starter-data-jpa\3.1.7\spring-boot-starter-data-jpa-3.1.7.jar;C:\Users\thaina.alves.FIRST.000\.m2\repository\org\springframework\boot\spring-boot-starter-aop\3.2.1\spring-boot-starter-aop-3.2.1.jar;C:\Users\thaina.alves.FIRST.000\.m2\repository\org\aspectj\aspectjweaver\1.9.21\aspectjweaver-1.9.21.jar;C:\Users\thaina.alves.FIRST.000\.m2\repository\org\springframework\boot\spring-boot-starter-jdbc\3.2.1\spring-boot-starter-jdbc-3.2.1.jar;C:\Users\thaina.alves.FIRST.000\.m2\repository\com\zaxxer\HikariCP\5.0.1\HikariCP-5.0.1.jar;C:\Users\thaina.alves.FIRST.000\.m2\repository\org\springframework\spring-jdbc\6.1.2\spring-jdbc-6.1.2.jar;C:\Users\thaina.alves.FIRST.000\.m2\repository\org\hibernate\orm\hibernate-core\6.4.1.Final\hibernate-core-6.4.1.Final.jar;C:\Users\thaina.alves.FIRST.000\.m2\repository\jakarta\persistence\jakarta.persistence-api\3.1.0\jakarta.persistence-api-3.1.0.jar;C:\Users\thaina.alves.FIRST.000\.m2\repository\jakarta\transaction\jakarta.transaction-api\2.0.1\jakarta.transaction-api-2.0.1.jar;C:\Users\thaina.alves.FIRST.000\.m2\repository\org\jboss\logging\jboss-logging\3.5.3.Final\jboss-logging-3.5.3.Final.jar;C:\Users\thaina.alves.FIRST.000\.m2\repository\org\hibernate\common\hibernate-commons-annotations\6.0.6.Final\hibernate-commons-annotations-6.0.6.Final.jar;C:\Users\thaina.alves.FIRST.000\.m2\repository\io\smallrye\jandex\3.1.2\jandex-3.1.2.jar;C:\Users\thaina.alves.FIRST.000\.m2\repository\com\fasterxml\classmate\1.6.0\classmate-1.6.0.jar;C:\Users\thaina.alves.FIRST.000\.m2\repository\org\glassfish\jaxb\jaxb-runtime\4.0.4\jaxb-runtime-4.0.4.jar;C:\Users\thaina.alves.FIRST.000\.m2\repository\org\glassfish\jaxb\jaxb-core\4.0.4\jaxb-core-4.0.4.jar;C:\Users\thaina.alves.FIRST.000\.m2\repository\org\eclipse\angus\angus-activation\2.0.1\angus-activation-2.0.1.jar;C:\Users\thaina.alves.FIRST.000\.m2\repository\org\glassfish\jaxb\txw2\4.0.4\txw2-4.0.4.jar;C:\Users\thaina.alves.FIRST.000\.m2\repository\com\sun\istack\istack-commons-runtime\4.1.2\istack-commons-runtime-4.1.2.jar;C:\Users\thaina.alves.FIRST.000\.m2\repository\jakarta\inject\jakarta.inject-api\2.0.1\jakarta.inject-api-2.0.1.jar;C:\Users\thaina.alves.FIRST.000\.m2\repository\org\antlr\antlr4-runtime\4.13.0\antlr4-runtime-4.13.0.jar;C:\Users\thaina.alves.FIRST.000\.m2\repository\org\springframework\data\spring-data-jpa\3.2.1\spring-data-jpa-3.2.1.jar;C:\Users\thaina.alves.FIRST.000\.m2\repository\org\springframework\data\spring-data-commons\3.2.1\spring-data-commons-3.2.1.jar;C:\Users\thaina.alves.FIRST.000\.m2\repository\org\springframework\spring-orm\6.1.2\spring-orm-6.1.2.jar;C:\Users\thaina.alves.FIRST.000\.m2\repository\org\springframework\spring-tx\6.1.2\spring-tx-6.1.2.jar;C:\Users\thaina.alves.FIRST.000\.m2\repository\org\springframework\spring-aspects\6.1.2\spring-aspects-6.1.2.jar;C:\Users\thaina.alves.FIRST.000\.m2\repository\com\mysql\mysql-connector-j\8.0.31\mysql-connector-j-8.0.31.jar;C:\Users\thaina.alves.FIRST.000\.m2\repository\com\github\dozermapper\dozer-core\6.4.0\dozer-core-6.4.0.jar;C:\Users\thaina.alves.FIRST.000\.m2\repository\commons-beanutils\commons-beanutils\1.9.3\commons-beanutils-1.9.3.jar;C:\Users\thaina.alves.FIRST.000\.m2\repository\commons-collections\commons-collections\3.2.2\commons-collections-3.2.2.jar;C:\Users\thaina.alves.FIRST.000\.m2\repository\org\apache\commons\commons-lang3\3.13.0\commons-lang3-3.13.0.jar;C:\Users\thaina.alves.FIRST.000\.m2\repository\commons-io\commons-io\2.5\commons-io-2.5.jar;C:\Users\thaina.alves.FIRST.000\.m2\repository\javax\xml\bind\jaxb-api\2.2.11\jaxb-api-2.2.11.jar;C:\Users\thaina.alves.FIRST.000\.m2\repository\org\slf4j\slf4j-api\2.0.9\slf4j-api-2.0.9.jar;C:\Users\thaina.alves.FIRST.000\.m2\repository\org\slf4j\jcl-over-slf4j\2.0.9\jcl-over-slf4j-2.0.9.jar;C:\Users\thaina.alves.FIRST.000\.m2\repository\org\objenesis\objenesis\2.6\objenesis-2.6.jar;C:\Users\thaina.alves.FIRST.000\.m2\repository\org\flywaydb\flyway-core\9.22.3\flyway-core-9.22.3.jar;C:\Users\thaina.alves.FIRST.000\.m2\repository\com\fasterxml\jackson\dataformat\jackson-dataformat-toml\2.15.3\jackson-dataformat-toml-2.15.3.jar;C:\Users\thaina.alves.FIRST.000\.m2\repository\com\google\code\gson\gson\2.10.1\gson-2.10.1.jar;C:\Users\thaina.alves.FIRST.000\.m2\repository\org\flywaydb\flyway-mysql\9.22.3\flyway-mysql-9.22.3.jar;C:\Users\thaina.alves.FIRST.000\.m2\repository\com\fasterxml\jackson\dataformat\jackson-dataformat-xml\2.15.2\jackson-dataformat-xml-2.15.2.jar;C:\Users\thaina.alves.FIRST.000\.m2\repository\com\fasterxml\jackson\core\jackson-core\2.15.3\jackson-core-2.15.3.jar;C:\Users\thaina.alves.FIRST.000\.m2\repository\com\fasterxml\jackson\core\jackson-annotations\2.15.3\jackson-annotations-2.15.3.jar;C:\Users\thaina.alves.FIRST.000\.m2\repository\com\fasterxml\jackson\core\jackson-databind\2.15.3\jackson-databind-2.15.3.jar;C:\Users\thaina.alves.FIRST.000\.m2\repository\org\codehaus\woodstox\stax2-api\4.2.1\stax2-api-4.2.1.jar;C:\Users\thaina.alves.FIRST.000\.m2\repository\com\fasterxml\woodstox\woodstox-core\6.5.1\woodstox-core-6.5.1.jar;C:\Users\thaina.alves.FIRST.000\.m2\repository\com\fasterxml\jackson\dataformat\jackson-dataformat-yaml\2.15.2\jackson-dataformat-yaml-2.15.2.jar;C:\Users\thaina.alves.FIRST.000\.m2\repository\org\yaml\snakeyaml\2.2\snakeyaml-2.2.jar;C:\Users\thaina.alves.FIRST.000\.m2\repository\org\springframework\hateoas\spring-hateoas\2.1.2\spring-hateoas-2.1.2.jar;C:\Users\thaina.alves.FIRST.000\.m2\repository\org\springframework\spring-aop\6.1.2\spring-aop-6.1.2.jar;C:\Users\thaina.alves.FIRST.000\.m2\repository\org\springframework\spring-beans\6.1.2\spring-beans-6.1.2.jar;C:\Users\thaina.alves.FIRST.000\.m2\repository\org\springframework\spring-context\6.1.2\spring-context-6.1.2.jar;C:\Users\thaina.alves.FIRST.000\.m2\repository\org\springframework\plugin\spring-plugin-core\3.0.0\spring-plugin-core-3.0.0.jar;C:\Users\thaina.alves.FIRST.000\.m2\repository\net\bytebuddy\byte-buddy\1.14.10\byte-buddy-1.14.10.jar;C:\Users\thaina.alves.FIRST.000\.m2\repository\org\springdoc\springdoc-openapi-starter-webmvc-ui\2.3.0\springdoc-openapi-starter-webmvc-ui-2.3.0.jar;C:\Users\thaina.alves.FIRST.000\.m2\repository\org\springdoc\springdoc-openapi-starter-webmvc-api\2.3.0\springdoc-openapi-starter-webmvc-api-2.3.0.jar;C:\Users\thaina.alves.FIRST.000\.m2\repository\org\springdoc\springdoc-openapi-starter-common\2.3.0\springdoc-openapi-starter-common-2.3.0.jar;C:\Users\thaina.alves.FIRST.000\.m2\repository\io\swagger\core\v3\swagger-core-jakarta\2.2.19\swagger-core-jakarta-2.2.19.jar;C:\Users\thaina.alves.FIRST.000\.m2\repository\io\swagger\core\v3\swagger-annotations-jakarta\2.2.19\swagger-annotations-jakarta-2.2.19.jar;C:\Users\thaina.alves.FIRST.000\.m2\repository\io\swagger\core\v3\swagger-models-jakarta\2.2.19\swagger-models-jakarta-2.2.19.jar;C:\Users\thaina.alves.FIRST.000\.m2\repository\jakarta\validation\jakarta.validation-api\3.0.2\jakarta.validation-api-3.0.2.jar;C:\Users\thaina.alves.FIRST.000\.m2\repository\org\webjars\swagger-ui\5.10.3\swagger-ui-5.10.3.jar;C:\Users\thaina.alves.FIRST.000\.m2\repository\com\auth0\java-jwt\4.4.0\java-jwt-4.4.0.jar;C:\Users\thaina.alves.FIRST.000\.m2\repository\org\springframework\boot\spring-boot-starter-security\3.2.1\spring-boot-starter-security-3.2.1.jar;C:\Users\thaina.alves.FIRST.000\.m2\repository\org\springframework\security\spring-security-config\6.2.1\spring-security-config-6.2.1.jar;C:\Users\thaina.alves.FIRST.000\.m2\repository\org\springframework\security\spring-security-core\6.2.1\spring-security-core-6.2.1.jar;C:\Users\thaina.alves.FIRST.000\.m2\repository\org\springframework\security\spring-security-crypto\6.2.1\spring-security-crypto-6.2.1.jar;C:\Users\thaina.alves.FIRST.000\.m2\repository\org\springframework\security\spring-security-web\6.2.1\spring-security-web-6.2.1.jar
Launcher Type: SUN_STANDARD

[Global flags]
     intx CICompilerCount                          = 4                                         {product} {ergonomic}
     uint ConcGCThreads                            = 2                                         {product} {ergonomic}
     uint G1ConcRefinementThreads                  = 8                                         {product} {ergonomic}
   size_t G1HeapRegionSize                         = 1048576                                   {product} {ergonomic}
    uintx GCDrainStackTargetSize                   = 64                                        {product} {ergonomic}
   size_t InitialHeapSize                          = 130023424                                 {product} {ergonomic}
   size_t MarkStackSize                            = 4194304                                   {product} {ergonomic}
   size_t MaxHeapSize                              = 2069889024                                {product} {ergonomic}
   size_t MaxNewSize                               = 1241513984                                {product} {ergonomic}
   size_t MinHeapDeltaBytes                        = 1048576                                   {product} {ergonomic}
   size_t MinHeapSize                              = 8388608                                   {product} {ergonomic}
    uintx NonNMethodCodeHeapSize                   = 5839372                                {pd product} {ergonomic}
    uintx NonProfiledCodeHeapSize                  = 122909434                              {pd product} {ergonomic}
    uintx ProfiledCodeHeapSize                     = 122909434                              {pd product} {ergonomic}
    uintx ReservedCodeCacheSize                    = 251658240                              {pd product} {ergonomic}
     bool SegmentedCodeCache                       = true                                      {product} {ergonomic}
   size_t SoftMaxHeapSize                          = 2069889024                             {manageable} {ergonomic}
     bool UseCompressedClassPointers               = true                           {product lp64_product} {ergonomic}
     bool UseCompressedOops                        = true                           {product lp64_product} {ergonomic}
     bool UseG1GC                                  = true                                      {product} {ergonomic}
     bool UseLargePagesIndividualAllocation        = false                                  {pd product} {ergonomic}

Logging:
Log output configuration:
 #0: stdout all=warning uptime,level,tags foldmultilines=false
 #1: stderr all=off uptime,level,tags foldmultilines=false

Environment Variables:
JAVA_HOME=C:\Program Files\Java\jdk-18.0.1.1
PATH=C:\Program Files\Common Files\Oracle\Java\javapath;C:\Program Files (x86)\Common Files\Oracle\Java\javapath;C:\WINDOWS\system32;C:\WINDOWS;C:\WINDOWS\System32\Wbem;C:\WINDOWS\System32\WindowsPowerShell\v1.0\;C:\WINDOWS\System32\OpenSSH\;C:\Program Files\Git\cmd;C:\Program Files\nodejs\;C:\Program Files\Docker\Docker\resources\bin;C:\Users\thaina.alves.FIRST.000\AppData\Local\Microsoft\WindowsApps;;C:\Program Files\JetBrains\IntelliJ IDEA Community Edition 2022.2.3\bin;;C:\Users\thaina.alves.FIRST.000\OneDrive - FIRST TECH TECNOLOGIA LTDA\rea de Trabalho\IntelliJ IDEA 2023.2.2\bin;;C:\Users\thaina.alves.FIRST.000\AppData\Local\Programs\Microsoft VS Code\bin
USERNAME=thaina.alves
OS=Windows_NT
PROCESSOR_IDENTIFIER=Intel64 Family 6 Model 140 Stepping 1, GenuineIntel



---------------  S Y S T E M  ---------------

OS:
 Windows 11 , 64 bit Build 22621 (10.0.22621.3374)
OS uptime: 7 days 0:37 hours
Hyper-V role detected

CPU: total 8 (initial active 8) (4 cores per cpu, 2 threads per core) family 6 model 140 stepping 1 microcode 0x86, cx8, cmov, fxsr, ht, mmx, 3dnowpref, sse, sse2, sse3, ssse3, sse4.1, sse4.2, popcnt, lzcnt, tsc, tscinvbit, avx, avx2, aes, erms, clmul, bmi1, bmi2, adx, avx512f, avx512dq, avx512cd, avx512bw, avx512vl, sha, fma, vzeroupper, avx512_vpopcntdq, avx512_vpclmulqdq, avx512_vaes, avx512_vnni, clflush, clflushopt, clwb, avx512_vbmi2, avx512_vbmi, hv

Memory: 4k page, system-wide physical 7890M (325M free)
TotalPageFile size 32466M (AvailPageFile size 0M)
current process WorkingSet (physical memory assigned to process): 19M, peak: 233M
current process commit charge ("private bytes"): 291M, peak: 304M

vm_info: Java HotSpot(TM) 64-Bit Server VM (18.0.1.1+2-6) for windows-amd64 JRE (18.0.1.1+2-6), built on Apr 25 2022 21:53:15 by "mach5one" with MS VC++ 16.8 / 16.9 (VS2019)

END.
